<?xml version="1.0" encoding="UTF-8"?>
<testng-results ignored="0" total="1" passed="1" failed="0" skipped="0">
  <reporter-output>
  </reporter-output>
  <suite started-at="2021-04-24T13:15:56Z" name="Default suite" finished-at="2021-04-24T13:16:03Z" duration-ms="6401">
    <groups>
    </groups>
    <test started-at="2021-04-24T13:15:56Z" name="Default test" finished-at="2021-04-24T13:16:03Z" duration-ms="6401">
      <class name="Test.NewTest">
        <test-method signature="Test()[pri:0, instance:Test.NewTest@78a773fd]" started-at="2021-04-24T08:15:56Z" name="Test" finished-at="2021-04-24T08:16:03Z" duration-ms="6346" status="PASS">
          <reporter-output>
          </reporter-output>
        </test-method> <!-- Test -->
      </class> <!-- Test.NewTest -->
    </test> <!-- Default test -->
  </suite> <!-- Default suite -->
</testng-results>
